ARM GAS  /var/folders/jp/0qc3z4h55h9f6h172k8821nw0000gn/T//ccYrOXtO.s 			page 1


   1              		.cpu cortex-m4
   2              		.arch armv7e-m
   3              		.fpu fpv4-sp-d16
   4              		.eabi_attribute 27, 1
   5              		.eabi_attribute 28, 1
   6              		.eabi_attribute 20, 1
   7              		.eabi_attribute 21, 1
   8              		.eabi_attribute 23, 3
   9              		.eabi_attribute 24, 1
  10              		.eabi_attribute 25, 1
  11              		.eabi_attribute 26, 1
  12              		.eabi_attribute 30, 1
  13              		.eabi_attribute 34, 1
  14              		.eabi_attribute 18, 4
  15              		.file	"stm32l4xx_hal_msp.c"
  16              		.text
  17              	.Ltext0:
  18              		.cfi_sections	.debug_frame
  19              		.file 1 "Core/Src/stm32l4xx_hal_msp.c"
  20              		.section	.text.HAL_MspInit,"ax",%progbits
  21              		.align	1
  22              		.global	HAL_MspInit
  23              		.syntax unified
  24              		.thumb
  25              		.thumb_func
  27              	HAL_MspInit:
  28              	.LFB132:
   1:Core/Src/stm32l4xx_hal_msp.c **** /* USER CODE BEGIN Header */
   2:Core/Src/stm32l4xx_hal_msp.c **** /**
   3:Core/Src/stm32l4xx_hal_msp.c ****   ******************************************************************************
   4:Core/Src/stm32l4xx_hal_msp.c ****   * @file         stm32l4xx_hal_msp.c
   5:Core/Src/stm32l4xx_hal_msp.c ****   * @brief        This file provides code for the MSP Initialization
   6:Core/Src/stm32l4xx_hal_msp.c ****   *               and de-Initialization codes.
   7:Core/Src/stm32l4xx_hal_msp.c ****   ******************************************************************************
   8:Core/Src/stm32l4xx_hal_msp.c ****   * @attention
   9:Core/Src/stm32l4xx_hal_msp.c ****   *
  10:Core/Src/stm32l4xx_hal_msp.c ****   * Copyright (c) 2025 STMicroelectronics.
  11:Core/Src/stm32l4xx_hal_msp.c ****   * All rights reserved.
  12:Core/Src/stm32l4xx_hal_msp.c ****   *
  13:Core/Src/stm32l4xx_hal_msp.c ****   * This software is licensed under terms that can be found in the LICENSE file
  14:Core/Src/stm32l4xx_hal_msp.c ****   * in the root directory of this software component.
  15:Core/Src/stm32l4xx_hal_msp.c ****   * If no LICENSE file comes with this software, it is provided AS-IS.
  16:Core/Src/stm32l4xx_hal_msp.c ****   *
  17:Core/Src/stm32l4xx_hal_msp.c ****   ******************************************************************************
  18:Core/Src/stm32l4xx_hal_msp.c ****   */
  19:Core/Src/stm32l4xx_hal_msp.c **** /* USER CODE END Header */
  20:Core/Src/stm32l4xx_hal_msp.c **** 
  21:Core/Src/stm32l4xx_hal_msp.c **** /* Includes ------------------------------------------------------------------*/
  22:Core/Src/stm32l4xx_hal_msp.c **** #include "main.h"
  23:Core/Src/stm32l4xx_hal_msp.c **** /* USER CODE BEGIN Includes */
  24:Core/Src/stm32l4xx_hal_msp.c **** 
  25:Core/Src/stm32l4xx_hal_msp.c **** /* USER CODE END Includes */
  26:Core/Src/stm32l4xx_hal_msp.c **** 
  27:Core/Src/stm32l4xx_hal_msp.c **** /* Private typedef -----------------------------------------------------------*/
  28:Core/Src/stm32l4xx_hal_msp.c **** /* USER CODE BEGIN TD */
  29:Core/Src/stm32l4xx_hal_msp.c **** 
  30:Core/Src/stm32l4xx_hal_msp.c **** /* USER CODE END TD */
ARM GAS  /var/folders/jp/0qc3z4h55h9f6h172k8821nw0000gn/T//ccYrOXtO.s 			page 2


  31:Core/Src/stm32l4xx_hal_msp.c **** 
  32:Core/Src/stm32l4xx_hal_msp.c **** /* Private define ------------------------------------------------------------*/
  33:Core/Src/stm32l4xx_hal_msp.c **** /* USER CODE BEGIN Define */
  34:Core/Src/stm32l4xx_hal_msp.c **** 
  35:Core/Src/stm32l4xx_hal_msp.c **** /* USER CODE END Define */
  36:Core/Src/stm32l4xx_hal_msp.c **** 
  37:Core/Src/stm32l4xx_hal_msp.c **** /* Private macro -------------------------------------------------------------*/
  38:Core/Src/stm32l4xx_hal_msp.c **** /* USER CODE BEGIN Macro */
  39:Core/Src/stm32l4xx_hal_msp.c **** 
  40:Core/Src/stm32l4xx_hal_msp.c **** /* USER CODE END Macro */
  41:Core/Src/stm32l4xx_hal_msp.c **** 
  42:Core/Src/stm32l4xx_hal_msp.c **** /* Private variables ---------------------------------------------------------*/
  43:Core/Src/stm32l4xx_hal_msp.c **** /* USER CODE BEGIN PV */
  44:Core/Src/stm32l4xx_hal_msp.c **** 
  45:Core/Src/stm32l4xx_hal_msp.c **** /* USER CODE END PV */
  46:Core/Src/stm32l4xx_hal_msp.c **** 
  47:Core/Src/stm32l4xx_hal_msp.c **** /* Private function prototypes -----------------------------------------------*/
  48:Core/Src/stm32l4xx_hal_msp.c **** /* USER CODE BEGIN PFP */
  49:Core/Src/stm32l4xx_hal_msp.c **** 
  50:Core/Src/stm32l4xx_hal_msp.c **** /* USER CODE END PFP */
  51:Core/Src/stm32l4xx_hal_msp.c **** 
  52:Core/Src/stm32l4xx_hal_msp.c **** /* External functions --------------------------------------------------------*/
  53:Core/Src/stm32l4xx_hal_msp.c **** /* USER CODE BEGIN ExternalFunctions */
  54:Core/Src/stm32l4xx_hal_msp.c **** 
  55:Core/Src/stm32l4xx_hal_msp.c **** /* USER CODE END ExternalFunctions */
  56:Core/Src/stm32l4xx_hal_msp.c **** 
  57:Core/Src/stm32l4xx_hal_msp.c **** /* USER CODE BEGIN 0 */
  58:Core/Src/stm32l4xx_hal_msp.c **** 
  59:Core/Src/stm32l4xx_hal_msp.c **** /* USER CODE END 0 */
  60:Core/Src/stm32l4xx_hal_msp.c **** /**
  61:Core/Src/stm32l4xx_hal_msp.c ****   * Initializes the Global MSP.
  62:Core/Src/stm32l4xx_hal_msp.c ****   */
  63:Core/Src/stm32l4xx_hal_msp.c **** void HAL_MspInit(void)
  64:Core/Src/stm32l4xx_hal_msp.c **** {
  29              		.loc 1 64 1 view -0
  30              		.cfi_startproc
  31              		@ args = 0, pretend = 0, frame = 8
  32              		@ frame_needed = 0, uses_anonymous_args = 0
  33              		@ link register save eliminated.
  34 0000 82B0     		sub	sp, sp, #8
  35              		.cfi_def_cfa_offset 8
  65:Core/Src/stm32l4xx_hal_msp.c **** 
  66:Core/Src/stm32l4xx_hal_msp.c ****   /* USER CODE BEGIN MspInit 0 */
  67:Core/Src/stm32l4xx_hal_msp.c **** 
  68:Core/Src/stm32l4xx_hal_msp.c ****   /* USER CODE END MspInit 0 */
  69:Core/Src/stm32l4xx_hal_msp.c **** 
  70:Core/Src/stm32l4xx_hal_msp.c ****   __HAL_RCC_SYSCFG_CLK_ENABLE();
  36              		.loc 1 70 3 view .LVU1
  37              	.LBB2:
  38              		.loc 1 70 3 view .LVU2
  39              		.loc 1 70 3 view .LVU3
  40 0002 0A4B     		ldr	r3, .L3
  41 0004 1A6E     		ldr	r2, [r3, #96]
  42 0006 42F00102 		orr	r2, r2, #1
  43 000a 1A66     		str	r2, [r3, #96]
  44              		.loc 1 70 3 view .LVU4
  45 000c 1A6E     		ldr	r2, [r3, #96]
ARM GAS  /var/folders/jp/0qc3z4h55h9f6h172k8821nw0000gn/T//ccYrOXtO.s 			page 3


  46 000e 02F00102 		and	r2, r2, #1
  47 0012 0092     		str	r2, [sp]
  48              		.loc 1 70 3 view .LVU5
  49 0014 009A     		ldr	r2, [sp]
  50              	.LBE2:
  51              		.loc 1 70 3 view .LVU6
  71:Core/Src/stm32l4xx_hal_msp.c ****   __HAL_RCC_PWR_CLK_ENABLE();
  52              		.loc 1 71 3 view .LVU7
  53              	.LBB3:
  54              		.loc 1 71 3 view .LVU8
  55              		.loc 1 71 3 view .LVU9
  56 0016 9A6D     		ldr	r2, [r3, #88]
  57 0018 42F08052 		orr	r2, r2, #268435456
  58 001c 9A65     		str	r2, [r3, #88]
  59              		.loc 1 71 3 view .LVU10
  60 001e 9B6D     		ldr	r3, [r3, #88]
  61 0020 03F08053 		and	r3, r3, #268435456
  62 0024 0193     		str	r3, [sp, #4]
  63              		.loc 1 71 3 view .LVU11
  64 0026 019B     		ldr	r3, [sp, #4]
  65              	.LBE3:
  66              		.loc 1 71 3 view .LVU12
  72:Core/Src/stm32l4xx_hal_msp.c **** 
  73:Core/Src/stm32l4xx_hal_msp.c ****   /* System interrupt init*/
  74:Core/Src/stm32l4xx_hal_msp.c **** 
  75:Core/Src/stm32l4xx_hal_msp.c ****   /* USER CODE BEGIN MspInit 1 */
  76:Core/Src/stm32l4xx_hal_msp.c **** 
  77:Core/Src/stm32l4xx_hal_msp.c ****   /* USER CODE END MspInit 1 */
  78:Core/Src/stm32l4xx_hal_msp.c **** }
  67              		.loc 1 78 1 is_stmt 0 view .LVU13
  68 0028 02B0     		add	sp, sp, #8
  69              		.cfi_def_cfa_offset 0
  70              		@ sp needed
  71 002a 7047     		bx	lr
  72              	.L4:
  73              		.align	2
  74              	.L3:
  75 002c 00100240 		.word	1073876992
  76              		.cfi_endproc
  77              	.LFE132:
  79              		.section	.text.HAL_I2C_MspInit,"ax",%progbits
  80              		.align	1
  81              		.global	HAL_I2C_MspInit
  82              		.syntax unified
  83              		.thumb
  84              		.thumb_func
  86              	HAL_I2C_MspInit:
  87              	.LVL0:
  88              	.LFB133:
  79:Core/Src/stm32l4xx_hal_msp.c **** 
  80:Core/Src/stm32l4xx_hal_msp.c **** /**
  81:Core/Src/stm32l4xx_hal_msp.c ****   * @brief I2C MSP Initialization
  82:Core/Src/stm32l4xx_hal_msp.c ****   * This function configures the hardware resources used in this example
  83:Core/Src/stm32l4xx_hal_msp.c ****   * @param hi2c: I2C handle pointer
  84:Core/Src/stm32l4xx_hal_msp.c ****   * @retval None
  85:Core/Src/stm32l4xx_hal_msp.c ****   */
  86:Core/Src/stm32l4xx_hal_msp.c **** void HAL_I2C_MspInit(I2C_HandleTypeDef* hi2c)
ARM GAS  /var/folders/jp/0qc3z4h55h9f6h172k8821nw0000gn/T//ccYrOXtO.s 			page 4


  87:Core/Src/stm32l4xx_hal_msp.c **** {
  89              		.loc 1 87 1 is_stmt 1 view -0
  90              		.cfi_startproc
  91              		@ args = 0, pretend = 0, frame = 168
  92              		@ frame_needed = 0, uses_anonymous_args = 0
  93              		.loc 1 87 1 is_stmt 0 view .LVU15
  94 0000 10B5     		push	{r4, lr}
  95              		.cfi_def_cfa_offset 8
  96              		.cfi_offset 4, -8
  97              		.cfi_offset 14, -4
  98 0002 AAB0     		sub	sp, sp, #168
  99              		.cfi_def_cfa_offset 176
 100 0004 0446     		mov	r4, r0
  88:Core/Src/stm32l4xx_hal_msp.c ****   GPIO_InitTypeDef GPIO_InitStruct = {0};
 101              		.loc 1 88 3 is_stmt 1 view .LVU16
 102              		.loc 1 88 20 is_stmt 0 view .LVU17
 103 0006 0021     		movs	r1, #0
 104 0008 2591     		str	r1, [sp, #148]
 105 000a 2691     		str	r1, [sp, #152]
 106 000c 2791     		str	r1, [sp, #156]
 107 000e 2891     		str	r1, [sp, #160]
 108 0010 2991     		str	r1, [sp, #164]
  89:Core/Src/stm32l4xx_hal_msp.c ****   RCC_PeriphCLKInitTypeDef PeriphClkInit = {0};
 109              		.loc 1 89 3 is_stmt 1 view .LVU18
 110              		.loc 1 89 28 is_stmt 0 view .LVU19
 111 0012 8822     		movs	r2, #136
 112 0014 03A8     		add	r0, sp, #12
 113              	.LVL1:
 114              		.loc 1 89 28 view .LVU20
 115 0016 FFF7FEFF 		bl	memset
 116              	.LVL2:
  90:Core/Src/stm32l4xx_hal_msp.c ****   if(hi2c->Instance==I2C1)
 117              		.loc 1 90 3 is_stmt 1 view .LVU21
 118              		.loc 1 90 10 is_stmt 0 view .LVU22
 119 001a 2268     		ldr	r2, [r4]
 120              		.loc 1 90 5 view .LVU23
 121 001c 184B     		ldr	r3, .L11
 122 001e 9A42     		cmp	r2, r3
 123 0020 01D0     		beq	.L9
 124              	.LVL3:
 125              	.L5:
  91:Core/Src/stm32l4xx_hal_msp.c ****   {
  92:Core/Src/stm32l4xx_hal_msp.c ****     /* USER CODE BEGIN I2C1_MspInit 0 */
  93:Core/Src/stm32l4xx_hal_msp.c **** 
  94:Core/Src/stm32l4xx_hal_msp.c ****     /* USER CODE END I2C1_MspInit 0 */
  95:Core/Src/stm32l4xx_hal_msp.c **** 
  96:Core/Src/stm32l4xx_hal_msp.c ****   /** Initializes the peripherals clock
  97:Core/Src/stm32l4xx_hal_msp.c ****   */
  98:Core/Src/stm32l4xx_hal_msp.c ****     PeriphClkInit.PeriphClockSelection = RCC_PERIPHCLK_I2C1;
  99:Core/Src/stm32l4xx_hal_msp.c ****     PeriphClkInit.I2c1ClockSelection = RCC_I2C1CLKSOURCE_PCLK1;
 100:Core/Src/stm32l4xx_hal_msp.c ****     if (HAL_RCCEx_PeriphCLKConfig(&PeriphClkInit) != HAL_OK)
 101:Core/Src/stm32l4xx_hal_msp.c ****     {
 102:Core/Src/stm32l4xx_hal_msp.c ****       Error_Handler();
 103:Core/Src/stm32l4xx_hal_msp.c ****     }
 104:Core/Src/stm32l4xx_hal_msp.c **** 
 105:Core/Src/stm32l4xx_hal_msp.c ****     __HAL_RCC_GPIOB_CLK_ENABLE();
 106:Core/Src/stm32l4xx_hal_msp.c ****     /**I2C1 GPIO Configuration
ARM GAS  /var/folders/jp/0qc3z4h55h9f6h172k8821nw0000gn/T//ccYrOXtO.s 			page 5


 107:Core/Src/stm32l4xx_hal_msp.c ****     PB8     ------> I2C1_SCL
 108:Core/Src/stm32l4xx_hal_msp.c ****     PB9     ------> I2C1_SDA
 109:Core/Src/stm32l4xx_hal_msp.c ****     */
 110:Core/Src/stm32l4xx_hal_msp.c ****     GPIO_InitStruct.Pin = GPIO_PIN_8|GPIO_PIN_9;
 111:Core/Src/stm32l4xx_hal_msp.c ****     GPIO_InitStruct.Mode = GPIO_MODE_AF_OD;
 112:Core/Src/stm32l4xx_hal_msp.c ****     GPIO_InitStruct.Pull = GPIO_NOPULL;
 113:Core/Src/stm32l4xx_hal_msp.c ****     GPIO_InitStruct.Speed = GPIO_SPEED_FREQ_VERY_HIGH;
 114:Core/Src/stm32l4xx_hal_msp.c ****     GPIO_InitStruct.Alternate = GPIO_AF4_I2C1;
 115:Core/Src/stm32l4xx_hal_msp.c ****     HAL_GPIO_Init(GPIOB, &GPIO_InitStruct);
 116:Core/Src/stm32l4xx_hal_msp.c **** 
 117:Core/Src/stm32l4xx_hal_msp.c ****     /* Peripheral clock enable */
 118:Core/Src/stm32l4xx_hal_msp.c ****     __HAL_RCC_I2C1_CLK_ENABLE();
 119:Core/Src/stm32l4xx_hal_msp.c ****     /* USER CODE BEGIN I2C1_MspInit 1 */
 120:Core/Src/stm32l4xx_hal_msp.c **** 
 121:Core/Src/stm32l4xx_hal_msp.c ****     /* USER CODE END I2C1_MspInit 1 */
 122:Core/Src/stm32l4xx_hal_msp.c **** 
 123:Core/Src/stm32l4xx_hal_msp.c ****   }
 124:Core/Src/stm32l4xx_hal_msp.c **** 
 125:Core/Src/stm32l4xx_hal_msp.c **** }
 126              		.loc 1 125 1 view .LVU24
 127 0022 2AB0     		add	sp, sp, #168
 128              		.cfi_remember_state
 129              		.cfi_def_cfa_offset 8
 130              		@ sp needed
 131 0024 10BD     		pop	{r4, pc}
 132              	.LVL4:
 133              	.L9:
 134              		.cfi_restore_state
  98:Core/Src/stm32l4xx_hal_msp.c ****     PeriphClkInit.I2c1ClockSelection = RCC_I2C1CLKSOURCE_PCLK1;
 135              		.loc 1 98 5 is_stmt 1 view .LVU25
  98:Core/Src/stm32l4xx_hal_msp.c ****     PeriphClkInit.I2c1ClockSelection = RCC_I2C1CLKSOURCE_PCLK1;
 136              		.loc 1 98 40 is_stmt 0 view .LVU26
 137 0026 4023     		movs	r3, #64
 138 0028 0393     		str	r3, [sp, #12]
  99:Core/Src/stm32l4xx_hal_msp.c ****     if (HAL_RCCEx_PeriphCLKConfig(&PeriphClkInit) != HAL_OK)
 139              		.loc 1 99 5 is_stmt 1 view .LVU27
 100:Core/Src/stm32l4xx_hal_msp.c ****     {
 140              		.loc 1 100 5 view .LVU28
 100:Core/Src/stm32l4xx_hal_msp.c ****     {
 141              		.loc 1 100 9 is_stmt 0 view .LVU29
 142 002a 03A8     		add	r0, sp, #12
 143 002c FFF7FEFF 		bl	HAL_RCCEx_PeriphCLKConfig
 144              	.LVL5:
 100:Core/Src/stm32l4xx_hal_msp.c ****     {
 145              		.loc 1 100 8 discriminator 1 view .LVU30
 146 0030 10BB     		cbnz	r0, .L10
 147              	.L7:
 105:Core/Src/stm32l4xx_hal_msp.c ****     /**I2C1 GPIO Configuration
 148              		.loc 1 105 5 is_stmt 1 view .LVU31
 149              	.LBB4:
 105:Core/Src/stm32l4xx_hal_msp.c ****     /**I2C1 GPIO Configuration
 150              		.loc 1 105 5 view .LVU32
 105:Core/Src/stm32l4xx_hal_msp.c ****     /**I2C1 GPIO Configuration
 151              		.loc 1 105 5 view .LVU33
 152 0032 144C     		ldr	r4, .L11+4
 153              	.LVL6:
 105:Core/Src/stm32l4xx_hal_msp.c ****     /**I2C1 GPIO Configuration
ARM GAS  /var/folders/jp/0qc3z4h55h9f6h172k8821nw0000gn/T//ccYrOXtO.s 			page 6


 154              		.loc 1 105 5 is_stmt 0 view .LVU34
 155 0034 E36C     		ldr	r3, [r4, #76]
 156 0036 43F00203 		orr	r3, r3, #2
 157 003a E364     		str	r3, [r4, #76]
 105:Core/Src/stm32l4xx_hal_msp.c ****     /**I2C1 GPIO Configuration
 158              		.loc 1 105 5 is_stmt 1 view .LVU35
 159 003c E36C     		ldr	r3, [r4, #76]
 160 003e 03F00203 		and	r3, r3, #2
 161 0042 0193     		str	r3, [sp, #4]
 105:Core/Src/stm32l4xx_hal_msp.c ****     /**I2C1 GPIO Configuration
 162              		.loc 1 105 5 view .LVU36
 163 0044 019B     		ldr	r3, [sp, #4]
 164              	.LBE4:
 105:Core/Src/stm32l4xx_hal_msp.c ****     /**I2C1 GPIO Configuration
 165              		.loc 1 105 5 view .LVU37
 110:Core/Src/stm32l4xx_hal_msp.c ****     GPIO_InitStruct.Mode = GPIO_MODE_AF_OD;
 166              		.loc 1 110 5 view .LVU38
 110:Core/Src/stm32l4xx_hal_msp.c ****     GPIO_InitStruct.Mode = GPIO_MODE_AF_OD;
 167              		.loc 1 110 25 is_stmt 0 view .LVU39
 168 0046 4FF44073 		mov	r3, #768
 169 004a 2593     		str	r3, [sp, #148]
 111:Core/Src/stm32l4xx_hal_msp.c ****     GPIO_InitStruct.Pull = GPIO_NOPULL;
 170              		.loc 1 111 5 is_stmt 1 view .LVU40
 111:Core/Src/stm32l4xx_hal_msp.c ****     GPIO_InitStruct.Pull = GPIO_NOPULL;
 171              		.loc 1 111 26 is_stmt 0 view .LVU41
 172 004c 1223     		movs	r3, #18
 173 004e 2693     		str	r3, [sp, #152]
 112:Core/Src/stm32l4xx_hal_msp.c ****     GPIO_InitStruct.Speed = GPIO_SPEED_FREQ_VERY_HIGH;
 174              		.loc 1 112 5 is_stmt 1 view .LVU42
 112:Core/Src/stm32l4xx_hal_msp.c ****     GPIO_InitStruct.Speed = GPIO_SPEED_FREQ_VERY_HIGH;
 175              		.loc 1 112 26 is_stmt 0 view .LVU43
 176 0050 0023     		movs	r3, #0
 177 0052 2793     		str	r3, [sp, #156]
 113:Core/Src/stm32l4xx_hal_msp.c ****     GPIO_InitStruct.Alternate = GPIO_AF4_I2C1;
 178              		.loc 1 113 5 is_stmt 1 view .LVU44
 113:Core/Src/stm32l4xx_hal_msp.c ****     GPIO_InitStruct.Alternate = GPIO_AF4_I2C1;
 179              		.loc 1 113 27 is_stmt 0 view .LVU45
 180 0054 0323     		movs	r3, #3
 181 0056 2893     		str	r3, [sp, #160]
 114:Core/Src/stm32l4xx_hal_msp.c ****     HAL_GPIO_Init(GPIOB, &GPIO_InitStruct);
 182              		.loc 1 114 5 is_stmt 1 view .LVU46
 114:Core/Src/stm32l4xx_hal_msp.c ****     HAL_GPIO_Init(GPIOB, &GPIO_InitStruct);
 183              		.loc 1 114 31 is_stmt 0 view .LVU47
 184 0058 0423     		movs	r3, #4
 185 005a 2993     		str	r3, [sp, #164]
 115:Core/Src/stm32l4xx_hal_msp.c **** 
 186              		.loc 1 115 5 is_stmt 1 view .LVU48
 187 005c 25A9     		add	r1, sp, #148
 188 005e 0A48     		ldr	r0, .L11+8
 189 0060 FFF7FEFF 		bl	HAL_GPIO_Init
 190              	.LVL7:
 118:Core/Src/stm32l4xx_hal_msp.c ****     /* USER CODE BEGIN I2C1_MspInit 1 */
 191              		.loc 1 118 5 view .LVU49
 192              	.LBB5:
 118:Core/Src/stm32l4xx_hal_msp.c ****     /* USER CODE BEGIN I2C1_MspInit 1 */
 193              		.loc 1 118 5 view .LVU50
 118:Core/Src/stm32l4xx_hal_msp.c ****     /* USER CODE BEGIN I2C1_MspInit 1 */
ARM GAS  /var/folders/jp/0qc3z4h55h9f6h172k8821nw0000gn/T//ccYrOXtO.s 			page 7


 194              		.loc 1 118 5 view .LVU51
 195 0064 A36D     		ldr	r3, [r4, #88]
 196 0066 43F40013 		orr	r3, r3, #2097152
 197 006a A365     		str	r3, [r4, #88]
 118:Core/Src/stm32l4xx_hal_msp.c ****     /* USER CODE BEGIN I2C1_MspInit 1 */
 198              		.loc 1 118 5 view .LVU52
 199 006c A36D     		ldr	r3, [r4, #88]
 200 006e 03F40013 		and	r3, r3, #2097152
 201 0072 0293     		str	r3, [sp, #8]
 118:Core/Src/stm32l4xx_hal_msp.c ****     /* USER CODE BEGIN I2C1_MspInit 1 */
 202              		.loc 1 118 5 view .LVU53
 203 0074 029B     		ldr	r3, [sp, #8]
 204              	.LBE5:
 118:Core/Src/stm32l4xx_hal_msp.c ****     /* USER CODE BEGIN I2C1_MspInit 1 */
 205              		.loc 1 118 5 discriminator 1 view .LVU54
 206              		.loc 1 125 1 is_stmt 0 view .LVU55
 207 0076 D4E7     		b	.L5
 208              	.LVL8:
 209              	.L10:
 102:Core/Src/stm32l4xx_hal_msp.c ****     }
 210              		.loc 1 102 7 is_stmt 1 view .LVU56
 211 0078 FFF7FEFF 		bl	Error_Handler
 212              	.LVL9:
 213 007c D9E7     		b	.L7
 214              	.L12:
 215 007e 00BF     		.align	2
 216              	.L11:
 217 0080 00540040 		.word	1073763328
 218 0084 00100240 		.word	1073876992
 219 0088 00040048 		.word	1207960576
 220              		.cfi_endproc
 221              	.LFE133:
 223              		.section	.text.HAL_I2C_MspDeInit,"ax",%progbits
 224              		.align	1
 225              		.global	HAL_I2C_MspDeInit
 226              		.syntax unified
 227              		.thumb
 228              		.thumb_func
 230              	HAL_I2C_MspDeInit:
 231              	.LVL10:
 232              	.LFB134:
 126:Core/Src/stm32l4xx_hal_msp.c **** 
 127:Core/Src/stm32l4xx_hal_msp.c **** /**
 128:Core/Src/stm32l4xx_hal_msp.c ****   * @brief I2C MSP De-Initialization
 129:Core/Src/stm32l4xx_hal_msp.c ****   * This function freeze the hardware resources used in this example
 130:Core/Src/stm32l4xx_hal_msp.c ****   * @param hi2c: I2C handle pointer
 131:Core/Src/stm32l4xx_hal_msp.c ****   * @retval None
 132:Core/Src/stm32l4xx_hal_msp.c ****   */
 133:Core/Src/stm32l4xx_hal_msp.c **** void HAL_I2C_MspDeInit(I2C_HandleTypeDef* hi2c)
 134:Core/Src/stm32l4xx_hal_msp.c **** {
 233              		.loc 1 134 1 view -0
 234              		.cfi_startproc
 235              		@ args = 0, pretend = 0, frame = 0
 236              		@ frame_needed = 0, uses_anonymous_args = 0
 135:Core/Src/stm32l4xx_hal_msp.c ****   if(hi2c->Instance==I2C1)
 237              		.loc 1 135 3 view .LVU58
 238              		.loc 1 135 10 is_stmt 0 view .LVU59
ARM GAS  /var/folders/jp/0qc3z4h55h9f6h172k8821nw0000gn/T//ccYrOXtO.s 			page 8


 239 0000 0268     		ldr	r2, [r0]
 240              		.loc 1 135 5 view .LVU60
 241 0002 0B4B     		ldr	r3, .L20
 242 0004 9A42     		cmp	r2, r3
 243 0006 00D0     		beq	.L19
 244 0008 7047     		bx	lr
 245              	.L19:
 134:Core/Src/stm32l4xx_hal_msp.c ****   if(hi2c->Instance==I2C1)
 246              		.loc 1 134 1 view .LVU61
 247 000a 10B5     		push	{r4, lr}
 248              		.cfi_def_cfa_offset 8
 249              		.cfi_offset 4, -8
 250              		.cfi_offset 14, -4
 136:Core/Src/stm32l4xx_hal_msp.c ****   {
 137:Core/Src/stm32l4xx_hal_msp.c ****     /* USER CODE BEGIN I2C1_MspDeInit 0 */
 138:Core/Src/stm32l4xx_hal_msp.c **** 
 139:Core/Src/stm32l4xx_hal_msp.c ****     /* USER CODE END I2C1_MspDeInit 0 */
 140:Core/Src/stm32l4xx_hal_msp.c ****     /* Peripheral clock disable */
 141:Core/Src/stm32l4xx_hal_msp.c ****     __HAL_RCC_I2C1_CLK_DISABLE();
 251              		.loc 1 141 5 is_stmt 1 view .LVU62
 252 000c 094A     		ldr	r2, .L20+4
 253 000e 936D     		ldr	r3, [r2, #88]
 254 0010 23F40013 		bic	r3, r3, #2097152
 255 0014 9365     		str	r3, [r2, #88]
 142:Core/Src/stm32l4xx_hal_msp.c **** 
 143:Core/Src/stm32l4xx_hal_msp.c ****     /**I2C1 GPIO Configuration
 144:Core/Src/stm32l4xx_hal_msp.c ****     PB8     ------> I2C1_SCL
 145:Core/Src/stm32l4xx_hal_msp.c ****     PB9     ------> I2C1_SDA
 146:Core/Src/stm32l4xx_hal_msp.c ****     */
 147:Core/Src/stm32l4xx_hal_msp.c ****     HAL_GPIO_DeInit(GPIOB, GPIO_PIN_8);
 256              		.loc 1 147 5 view .LVU63
 257 0016 084C     		ldr	r4, .L20+8
 258 0018 4FF48071 		mov	r1, #256
 259 001c 2046     		mov	r0, r4
 260              	.LVL11:
 261              		.loc 1 147 5 is_stmt 0 view .LVU64
 262 001e FFF7FEFF 		bl	HAL_GPIO_DeInit
 263              	.LVL12:
 148:Core/Src/stm32l4xx_hal_msp.c **** 
 149:Core/Src/stm32l4xx_hal_msp.c ****     HAL_GPIO_DeInit(GPIOB, GPIO_PIN_9);
 264              		.loc 1 149 5 is_stmt 1 view .LVU65
 265 0022 4FF40071 		mov	r1, #512
 266 0026 2046     		mov	r0, r4
 267 0028 FFF7FEFF 		bl	HAL_GPIO_DeInit
 268              	.LVL13:
 150:Core/Src/stm32l4xx_hal_msp.c **** 
 151:Core/Src/stm32l4xx_hal_msp.c ****     /* USER CODE BEGIN I2C1_MspDeInit 1 */
 152:Core/Src/stm32l4xx_hal_msp.c **** 
 153:Core/Src/stm32l4xx_hal_msp.c ****     /* USER CODE END I2C1_MspDeInit 1 */
 154:Core/Src/stm32l4xx_hal_msp.c ****   }
 155:Core/Src/stm32l4xx_hal_msp.c **** 
 156:Core/Src/stm32l4xx_hal_msp.c **** }
 269              		.loc 1 156 1 is_stmt 0 view .LVU66
 270 002c 10BD     		pop	{r4, pc}
 271              	.L21:
 272 002e 00BF     		.align	2
 273              	.L20:
ARM GAS  /var/folders/jp/0qc3z4h55h9f6h172k8821nw0000gn/T//ccYrOXtO.s 			page 9


 274 0030 00540040 		.word	1073763328
 275 0034 00100240 		.word	1073876992
 276 0038 00040048 		.word	1207960576
 277              		.cfi_endproc
 278              	.LFE134:
 280              		.section	.text.HAL_UART_MspInit,"ax",%progbits
 281              		.align	1
 282              		.global	HAL_UART_MspInit
 283              		.syntax unified
 284              		.thumb
 285              		.thumb_func
 287              	HAL_UART_MspInit:
 288              	.LVL14:
 289              	.LFB135:
 157:Core/Src/stm32l4xx_hal_msp.c **** 
 158:Core/Src/stm32l4xx_hal_msp.c **** /**
 159:Core/Src/stm32l4xx_hal_msp.c ****   * @brief UART MSP Initialization
 160:Core/Src/stm32l4xx_hal_msp.c ****   * This function configures the hardware resources used in this example
 161:Core/Src/stm32l4xx_hal_msp.c ****   * @param huart: UART handle pointer
 162:Core/Src/stm32l4xx_hal_msp.c ****   * @retval None
 163:Core/Src/stm32l4xx_hal_msp.c ****   */
 164:Core/Src/stm32l4xx_hal_msp.c **** void HAL_UART_MspInit(UART_HandleTypeDef* huart)
 165:Core/Src/stm32l4xx_hal_msp.c **** {
 290              		.loc 1 165 1 is_stmt 1 view -0
 291              		.cfi_startproc
 292              		@ args = 0, pretend = 0, frame = 168
 293              		@ frame_needed = 0, uses_anonymous_args = 0
 294              		.loc 1 165 1 is_stmt 0 view .LVU68
 295 0000 10B5     		push	{r4, lr}
 296              		.cfi_def_cfa_offset 8
 297              		.cfi_offset 4, -8
 298              		.cfi_offset 14, -4
 299 0002 AAB0     		sub	sp, sp, #168
 300              		.cfi_def_cfa_offset 176
 301 0004 0446     		mov	r4, r0
 166:Core/Src/stm32l4xx_hal_msp.c ****   GPIO_InitTypeDef GPIO_InitStruct = {0};
 302              		.loc 1 166 3 is_stmt 1 view .LVU69
 303              		.loc 1 166 20 is_stmt 0 view .LVU70
 304 0006 0021     		movs	r1, #0
 305 0008 2591     		str	r1, [sp, #148]
 306 000a 2691     		str	r1, [sp, #152]
 307 000c 2791     		str	r1, [sp, #156]
 308 000e 2891     		str	r1, [sp, #160]
 309 0010 2991     		str	r1, [sp, #164]
 167:Core/Src/stm32l4xx_hal_msp.c ****   RCC_PeriphCLKInitTypeDef PeriphClkInit = {0};
 310              		.loc 1 167 3 is_stmt 1 view .LVU71
 311              		.loc 1 167 28 is_stmt 0 view .LVU72
 312 0012 8822     		movs	r2, #136
 313 0014 03A8     		add	r0, sp, #12
 314              	.LVL15:
 315              		.loc 1 167 28 view .LVU73
 316 0016 FFF7FEFF 		bl	memset
 317              	.LVL16:
 168:Core/Src/stm32l4xx_hal_msp.c ****   if(huart->Instance==USART2)
 318              		.loc 1 168 3 is_stmt 1 view .LVU74
 319              		.loc 1 168 11 is_stmt 0 view .LVU75
 320 001a 2268     		ldr	r2, [r4]
ARM GAS  /var/folders/jp/0qc3z4h55h9f6h172k8821nw0000gn/T//ccYrOXtO.s 			page 10


 321              		.loc 1 168 5 view .LVU76
 322 001c 184B     		ldr	r3, .L28
 323 001e 9A42     		cmp	r2, r3
 324 0020 01D0     		beq	.L26
 325              	.L22:
 169:Core/Src/stm32l4xx_hal_msp.c ****   {
 170:Core/Src/stm32l4xx_hal_msp.c ****     /* USER CODE BEGIN USART2_MspInit 0 */
 171:Core/Src/stm32l4xx_hal_msp.c **** 
 172:Core/Src/stm32l4xx_hal_msp.c ****     /* USER CODE END USART2_MspInit 0 */
 173:Core/Src/stm32l4xx_hal_msp.c **** 
 174:Core/Src/stm32l4xx_hal_msp.c ****   /** Initializes the peripherals clock
 175:Core/Src/stm32l4xx_hal_msp.c ****   */
 176:Core/Src/stm32l4xx_hal_msp.c ****     PeriphClkInit.PeriphClockSelection = RCC_PERIPHCLK_USART2;
 177:Core/Src/stm32l4xx_hal_msp.c ****     PeriphClkInit.Usart2ClockSelection = RCC_USART2CLKSOURCE_PCLK1;
 178:Core/Src/stm32l4xx_hal_msp.c ****     if (HAL_RCCEx_PeriphCLKConfig(&PeriphClkInit) != HAL_OK)
 179:Core/Src/stm32l4xx_hal_msp.c ****     {
 180:Core/Src/stm32l4xx_hal_msp.c ****       Error_Handler();
 181:Core/Src/stm32l4xx_hal_msp.c ****     }
 182:Core/Src/stm32l4xx_hal_msp.c **** 
 183:Core/Src/stm32l4xx_hal_msp.c ****     /* Peripheral clock enable */
 184:Core/Src/stm32l4xx_hal_msp.c ****     __HAL_RCC_USART2_CLK_ENABLE();
 185:Core/Src/stm32l4xx_hal_msp.c **** 
 186:Core/Src/stm32l4xx_hal_msp.c ****     __HAL_RCC_GPIOA_CLK_ENABLE();
 187:Core/Src/stm32l4xx_hal_msp.c ****     /**USART2 GPIO Configuration
 188:Core/Src/stm32l4xx_hal_msp.c ****     PA2     ------> USART2_TX
 189:Core/Src/stm32l4xx_hal_msp.c ****     PA3     ------> USART2_RX
 190:Core/Src/stm32l4xx_hal_msp.c ****     */
 191:Core/Src/stm32l4xx_hal_msp.c ****     GPIO_InitStruct.Pin = USART_TX_Pin|USART_RX_Pin;
 192:Core/Src/stm32l4xx_hal_msp.c ****     GPIO_InitStruct.Mode = GPIO_MODE_AF_PP;
 193:Core/Src/stm32l4xx_hal_msp.c ****     GPIO_InitStruct.Pull = GPIO_NOPULL;
 194:Core/Src/stm32l4xx_hal_msp.c ****     GPIO_InitStruct.Speed = GPIO_SPEED_FREQ_VERY_HIGH;
 195:Core/Src/stm32l4xx_hal_msp.c ****     GPIO_InitStruct.Alternate = GPIO_AF7_USART2;
 196:Core/Src/stm32l4xx_hal_msp.c ****     HAL_GPIO_Init(GPIOA, &GPIO_InitStruct);
 197:Core/Src/stm32l4xx_hal_msp.c **** 
 198:Core/Src/stm32l4xx_hal_msp.c ****     /* USER CODE BEGIN USART2_MspInit 1 */
 199:Core/Src/stm32l4xx_hal_msp.c **** 
 200:Core/Src/stm32l4xx_hal_msp.c ****     /* USER CODE END USART2_MspInit 1 */
 201:Core/Src/stm32l4xx_hal_msp.c **** 
 202:Core/Src/stm32l4xx_hal_msp.c ****   }
 203:Core/Src/stm32l4xx_hal_msp.c **** 
 204:Core/Src/stm32l4xx_hal_msp.c **** }
 326              		.loc 1 204 1 view .LVU77
 327 0022 2AB0     		add	sp, sp, #168
 328              		.cfi_remember_state
 329              		.cfi_def_cfa_offset 8
 330              		@ sp needed
 331 0024 10BD     		pop	{r4, pc}
 332              	.LVL17:
 333              	.L26:
 334              		.cfi_restore_state
 176:Core/Src/stm32l4xx_hal_msp.c ****     PeriphClkInit.Usart2ClockSelection = RCC_USART2CLKSOURCE_PCLK1;
 335              		.loc 1 176 5 is_stmt 1 view .LVU78
 176:Core/Src/stm32l4xx_hal_msp.c ****     PeriphClkInit.Usart2ClockSelection = RCC_USART2CLKSOURCE_PCLK1;
 336              		.loc 1 176 40 is_stmt 0 view .LVU79
 337 0026 0223     		movs	r3, #2
 338 0028 0393     		str	r3, [sp, #12]
 177:Core/Src/stm32l4xx_hal_msp.c ****     if (HAL_RCCEx_PeriphCLKConfig(&PeriphClkInit) != HAL_OK)
ARM GAS  /var/folders/jp/0qc3z4h55h9f6h172k8821nw0000gn/T//ccYrOXtO.s 			page 11


 339              		.loc 1 177 5 is_stmt 1 view .LVU80
 178:Core/Src/stm32l4xx_hal_msp.c ****     {
 340              		.loc 1 178 5 view .LVU81
 178:Core/Src/stm32l4xx_hal_msp.c ****     {
 341              		.loc 1 178 9 is_stmt 0 view .LVU82
 342 002a 03A8     		add	r0, sp, #12
 343 002c FFF7FEFF 		bl	HAL_RCCEx_PeriphCLKConfig
 344              	.LVL18:
 178:Core/Src/stm32l4xx_hal_msp.c ****     {
 345              		.loc 1 178 8 discriminator 1 view .LVU83
 346 0030 10BB     		cbnz	r0, .L27
 347              	.L24:
 184:Core/Src/stm32l4xx_hal_msp.c **** 
 348              		.loc 1 184 5 is_stmt 1 view .LVU84
 349              	.LBB6:
 184:Core/Src/stm32l4xx_hal_msp.c **** 
 350              		.loc 1 184 5 view .LVU85
 184:Core/Src/stm32l4xx_hal_msp.c **** 
 351              		.loc 1 184 5 view .LVU86
 352 0032 144B     		ldr	r3, .L28+4
 353 0034 9A6D     		ldr	r2, [r3, #88]
 354 0036 42F40032 		orr	r2, r2, #131072
 355 003a 9A65     		str	r2, [r3, #88]
 184:Core/Src/stm32l4xx_hal_msp.c **** 
 356              		.loc 1 184 5 view .LVU87
 357 003c 9A6D     		ldr	r2, [r3, #88]
 358 003e 02F40032 		and	r2, r2, #131072
 359 0042 0192     		str	r2, [sp, #4]
 184:Core/Src/stm32l4xx_hal_msp.c **** 
 360              		.loc 1 184 5 view .LVU88
 361 0044 019A     		ldr	r2, [sp, #4]
 362              	.LBE6:
 184:Core/Src/stm32l4xx_hal_msp.c **** 
 363              		.loc 1 184 5 view .LVU89
 186:Core/Src/stm32l4xx_hal_msp.c ****     /**USART2 GPIO Configuration
 364              		.loc 1 186 5 view .LVU90
 365              	.LBB7:
 186:Core/Src/stm32l4xx_hal_msp.c ****     /**USART2 GPIO Configuration
 366              		.loc 1 186 5 view .LVU91
 186:Core/Src/stm32l4xx_hal_msp.c ****     /**USART2 GPIO Configuration
 367              		.loc 1 186 5 view .LVU92
 368 0046 DA6C     		ldr	r2, [r3, #76]
 369 0048 42F00102 		orr	r2, r2, #1
 370 004c DA64     		str	r2, [r3, #76]
 186:Core/Src/stm32l4xx_hal_msp.c ****     /**USART2 GPIO Configuration
 371              		.loc 1 186 5 view .LVU93
 372 004e DB6C     		ldr	r3, [r3, #76]
 373 0050 03F00103 		and	r3, r3, #1
 374 0054 0293     		str	r3, [sp, #8]
 186:Core/Src/stm32l4xx_hal_msp.c ****     /**USART2 GPIO Configuration
 375              		.loc 1 186 5 view .LVU94
 376 0056 029B     		ldr	r3, [sp, #8]
 377              	.LBE7:
 186:Core/Src/stm32l4xx_hal_msp.c ****     /**USART2 GPIO Configuration
 378              		.loc 1 186 5 view .LVU95
 191:Core/Src/stm32l4xx_hal_msp.c ****     GPIO_InitStruct.Mode = GPIO_MODE_AF_PP;
 379              		.loc 1 191 5 view .LVU96
ARM GAS  /var/folders/jp/0qc3z4h55h9f6h172k8821nw0000gn/T//ccYrOXtO.s 			page 12


 191:Core/Src/stm32l4xx_hal_msp.c ****     GPIO_InitStruct.Mode = GPIO_MODE_AF_PP;
 380              		.loc 1 191 25 is_stmt 0 view .LVU97
 381 0058 0C23     		movs	r3, #12
 382 005a 2593     		str	r3, [sp, #148]
 192:Core/Src/stm32l4xx_hal_msp.c ****     GPIO_InitStruct.Pull = GPIO_NOPULL;
 383              		.loc 1 192 5 is_stmt 1 view .LVU98
 192:Core/Src/stm32l4xx_hal_msp.c ****     GPIO_InitStruct.Pull = GPIO_NOPULL;
 384              		.loc 1 192 26 is_stmt 0 view .LVU99
 385 005c 0223     		movs	r3, #2
 386 005e 2693     		str	r3, [sp, #152]
 193:Core/Src/stm32l4xx_hal_msp.c ****     GPIO_InitStruct.Speed = GPIO_SPEED_FREQ_VERY_HIGH;
 387              		.loc 1 193 5 is_stmt 1 view .LVU100
 193:Core/Src/stm32l4xx_hal_msp.c ****     GPIO_InitStruct.Speed = GPIO_SPEED_FREQ_VERY_HIGH;
 388              		.loc 1 193 26 is_stmt 0 view .LVU101
 389 0060 0023     		movs	r3, #0
 390 0062 2793     		str	r3, [sp, #156]
 194:Core/Src/stm32l4xx_hal_msp.c ****     GPIO_InitStruct.Alternate = GPIO_AF7_USART2;
 391              		.loc 1 194 5 is_stmt 1 view .LVU102
 194:Core/Src/stm32l4xx_hal_msp.c ****     GPIO_InitStruct.Alternate = GPIO_AF7_USART2;
 392              		.loc 1 194 27 is_stmt 0 view .LVU103
 393 0064 0323     		movs	r3, #3
 394 0066 2893     		str	r3, [sp, #160]
 195:Core/Src/stm32l4xx_hal_msp.c ****     HAL_GPIO_Init(GPIOA, &GPIO_InitStruct);
 395              		.loc 1 195 5 is_stmt 1 view .LVU104
 195:Core/Src/stm32l4xx_hal_msp.c ****     HAL_GPIO_Init(GPIOA, &GPIO_InitStruct);
 396              		.loc 1 195 31 is_stmt 0 view .LVU105
 397 0068 0723     		movs	r3, #7
 398 006a 2993     		str	r3, [sp, #164]
 196:Core/Src/stm32l4xx_hal_msp.c **** 
 399              		.loc 1 196 5 is_stmt 1 view .LVU106
 400 006c 25A9     		add	r1, sp, #148
 401 006e 4FF09040 		mov	r0, #1207959552
 402 0072 FFF7FEFF 		bl	HAL_GPIO_Init
 403              	.LVL19:
 404              		.loc 1 204 1 is_stmt 0 view .LVU107
 405 0076 D4E7     		b	.L22
 406              	.L27:
 180:Core/Src/stm32l4xx_hal_msp.c ****     }
 407              		.loc 1 180 7 is_stmt 1 view .LVU108
 408 0078 FFF7FEFF 		bl	Error_Handler
 409              	.LVL20:
 410 007c D9E7     		b	.L24
 411              	.L29:
 412 007e 00BF     		.align	2
 413              	.L28:
 414 0080 00440040 		.word	1073759232
 415 0084 00100240 		.word	1073876992
 416              		.cfi_endproc
 417              	.LFE135:
 419              		.section	.text.HAL_UART_MspDeInit,"ax",%progbits
 420              		.align	1
 421              		.global	HAL_UART_MspDeInit
 422              		.syntax unified
 423              		.thumb
 424              		.thumb_func
 426              	HAL_UART_MspDeInit:
 427              	.LVL21:
ARM GAS  /var/folders/jp/0qc3z4h55h9f6h172k8821nw0000gn/T//ccYrOXtO.s 			page 13


 428              	.LFB136:
 205:Core/Src/stm32l4xx_hal_msp.c **** 
 206:Core/Src/stm32l4xx_hal_msp.c **** /**
 207:Core/Src/stm32l4xx_hal_msp.c ****   * @brief UART MSP De-Initialization
 208:Core/Src/stm32l4xx_hal_msp.c ****   * This function freeze the hardware resources used in this example
 209:Core/Src/stm32l4xx_hal_msp.c ****   * @param huart: UART handle pointer
 210:Core/Src/stm32l4xx_hal_msp.c ****   * @retval None
 211:Core/Src/stm32l4xx_hal_msp.c ****   */
 212:Core/Src/stm32l4xx_hal_msp.c **** void HAL_UART_MspDeInit(UART_HandleTypeDef* huart)
 213:Core/Src/stm32l4xx_hal_msp.c **** {
 429              		.loc 1 213 1 view -0
 430              		.cfi_startproc
 431              		@ args = 0, pretend = 0, frame = 0
 432              		@ frame_needed = 0, uses_anonymous_args = 0
 433              		.loc 1 213 1 is_stmt 0 view .LVU110
 434 0000 08B5     		push	{r3, lr}
 435              		.cfi_def_cfa_offset 8
 436              		.cfi_offset 3, -8
 437              		.cfi_offset 14, -4
 214:Core/Src/stm32l4xx_hal_msp.c ****   if(huart->Instance==USART2)
 438              		.loc 1 214 3 is_stmt 1 view .LVU111
 439              		.loc 1 214 11 is_stmt 0 view .LVU112
 440 0002 0268     		ldr	r2, [r0]
 441              		.loc 1 214 5 view .LVU113
 442 0004 074B     		ldr	r3, .L34
 443 0006 9A42     		cmp	r2, r3
 444 0008 00D0     		beq	.L33
 445              	.LVL22:
 446              	.L30:
 215:Core/Src/stm32l4xx_hal_msp.c ****   {
 216:Core/Src/stm32l4xx_hal_msp.c ****     /* USER CODE BEGIN USART2_MspDeInit 0 */
 217:Core/Src/stm32l4xx_hal_msp.c **** 
 218:Core/Src/stm32l4xx_hal_msp.c ****     /* USER CODE END USART2_MspDeInit 0 */
 219:Core/Src/stm32l4xx_hal_msp.c ****     /* Peripheral clock disable */
 220:Core/Src/stm32l4xx_hal_msp.c ****     __HAL_RCC_USART2_CLK_DISABLE();
 221:Core/Src/stm32l4xx_hal_msp.c **** 
 222:Core/Src/stm32l4xx_hal_msp.c ****     /**USART2 GPIO Configuration
 223:Core/Src/stm32l4xx_hal_msp.c ****     PA2     ------> USART2_TX
 224:Core/Src/stm32l4xx_hal_msp.c ****     PA3     ------> USART2_RX
 225:Core/Src/stm32l4xx_hal_msp.c ****     */
 226:Core/Src/stm32l4xx_hal_msp.c ****     HAL_GPIO_DeInit(GPIOA, USART_TX_Pin|USART_RX_Pin);
 227:Core/Src/stm32l4xx_hal_msp.c **** 
 228:Core/Src/stm32l4xx_hal_msp.c ****     /* USER CODE BEGIN USART2_MspDeInit 1 */
 229:Core/Src/stm32l4xx_hal_msp.c **** 
 230:Core/Src/stm32l4xx_hal_msp.c ****     /* USER CODE END USART2_MspDeInit 1 */
 231:Core/Src/stm32l4xx_hal_msp.c ****   }
 232:Core/Src/stm32l4xx_hal_msp.c **** 
 233:Core/Src/stm32l4xx_hal_msp.c **** }
 447              		.loc 1 233 1 view .LVU114
 448 000a 08BD     		pop	{r3, pc}
 449              	.LVL23:
 450              	.L33:
 220:Core/Src/stm32l4xx_hal_msp.c **** 
 451              		.loc 1 220 5 is_stmt 1 view .LVU115
 452 000c 064A     		ldr	r2, .L34+4
 453 000e 936D     		ldr	r3, [r2, #88]
 454 0010 23F40033 		bic	r3, r3, #131072
ARM GAS  /var/folders/jp/0qc3z4h55h9f6h172k8821nw0000gn/T//ccYrOXtO.s 			page 14


 455 0014 9365     		str	r3, [r2, #88]
 226:Core/Src/stm32l4xx_hal_msp.c **** 
 456              		.loc 1 226 5 view .LVU116
 457 0016 0C21     		movs	r1, #12
 458 0018 4FF09040 		mov	r0, #1207959552
 459              	.LVL24:
 226:Core/Src/stm32l4xx_hal_msp.c **** 
 460              		.loc 1 226 5 is_stmt 0 view .LVU117
 461 001c FFF7FEFF 		bl	HAL_GPIO_DeInit
 462              	.LVL25:
 463              		.loc 1 233 1 view .LVU118
 464 0020 F3E7     		b	.L30
 465              	.L35:
 466 0022 00BF     		.align	2
 467              	.L34:
 468 0024 00440040 		.word	1073759232
 469 0028 00100240 		.word	1073876992
 470              		.cfi_endproc
 471              	.LFE136:
 473              		.text
 474              	.Letext0:
 475              		.file 2 "/Users/benjamincastin/Library/Application Support/Code/User/globalStorage/bmd.stm32-for-v
 476              		.file 3 "/Users/benjamincastin/Library/Application Support/Code/User/globalStorage/bmd.stm32-for-v
 477              		.file 4 "Drivers/CMSIS/Device/ST/STM32L4xx/Include/stm32l476xx.h"
 478              		.file 5 "Drivers/STM32L4xx_HAL_Driver/Inc/stm32l4xx_hal_def.h"
 479              		.file 6 "Drivers/STM32L4xx_HAL_Driver/Inc/stm32l4xx_hal_rcc_ex.h"
 480              		.file 7 "Drivers/STM32L4xx_HAL_Driver/Inc/stm32l4xx_hal_gpio.h"
 481              		.file 8 "Drivers/STM32L4xx_HAL_Driver/Inc/stm32l4xx_hal_dma.h"
 482              		.file 9 "Drivers/STM32L4xx_HAL_Driver/Inc/stm32l4xx_hal_i2c.h"
 483              		.file 10 "Drivers/STM32L4xx_HAL_Driver/Inc/stm32l4xx_hal_uart.h"
 484              		.file 11 "Core/Inc/main.h"
 485              		.file 12 "<built-in>"
ARM GAS  /var/folders/jp/0qc3z4h55h9f6h172k8821nw0000gn/T//ccYrOXtO.s 			page 15


DEFINED SYMBOLS
                            *ABS*:00000000 stm32l4xx_hal_msp.c
/var/folders/jp/0qc3z4h55h9f6h172k8821nw0000gn/T//ccYrOXtO.s:21     .text.HAL_MspInit:00000000 $t
/var/folders/jp/0qc3z4h55h9f6h172k8821nw0000gn/T//ccYrOXtO.s:27     .text.HAL_MspInit:00000000 HAL_MspInit
/var/folders/jp/0qc3z4h55h9f6h172k8821nw0000gn/T//ccYrOXtO.s:75     .text.HAL_MspInit:0000002c $d
/var/folders/jp/0qc3z4h55h9f6h172k8821nw0000gn/T//ccYrOXtO.s:80     .text.HAL_I2C_MspInit:00000000 $t
/var/folders/jp/0qc3z4h55h9f6h172k8821nw0000gn/T//ccYrOXtO.s:86     .text.HAL_I2C_MspInit:00000000 HAL_I2C_MspInit
/var/folders/jp/0qc3z4h55h9f6h172k8821nw0000gn/T//ccYrOXtO.s:217    .text.HAL_I2C_MspInit:00000080 $d
/var/folders/jp/0qc3z4h55h9f6h172k8821nw0000gn/T//ccYrOXtO.s:224    .text.HAL_I2C_MspDeInit:00000000 $t
/var/folders/jp/0qc3z4h55h9f6h172k8821nw0000gn/T//ccYrOXtO.s:230    .text.HAL_I2C_MspDeInit:00000000 HAL_I2C_MspDeInit
/var/folders/jp/0qc3z4h55h9f6h172k8821nw0000gn/T//ccYrOXtO.s:274    .text.HAL_I2C_MspDeInit:00000030 $d
/var/folders/jp/0qc3z4h55h9f6h172k8821nw0000gn/T//ccYrOXtO.s:281    .text.HAL_UART_MspInit:00000000 $t
/var/folders/jp/0qc3z4h55h9f6h172k8821nw0000gn/T//ccYrOXtO.s:287    .text.HAL_UART_MspInit:00000000 HAL_UART_MspInit
/var/folders/jp/0qc3z4h55h9f6h172k8821nw0000gn/T//ccYrOXtO.s:414    .text.HAL_UART_MspInit:00000080 $d
/var/folders/jp/0qc3z4h55h9f6h172k8821nw0000gn/T//ccYrOXtO.s:420    .text.HAL_UART_MspDeInit:00000000 $t
/var/folders/jp/0qc3z4h55h9f6h172k8821nw0000gn/T//ccYrOXtO.s:426    .text.HAL_UART_MspDeInit:00000000 HAL_UART_MspDeInit
/var/folders/jp/0qc3z4h55h9f6h172k8821nw0000gn/T//ccYrOXtO.s:468    .text.HAL_UART_MspDeInit:00000024 $d

UNDEFINED SYMBOLS
memset
HAL_RCCEx_PeriphCLKConfig
HAL_GPIO_Init
Error_Handler
HAL_GPIO_DeInit
